This is pdfTeX, Version 3.141592653-2.6-1.40.24 (TeX Live 2022) (preloaded format=pdftex 2023.1.8)  8 JAN 2023 04:36
entering extended mode
 restricted \write18 enabled.
 %&-line parsing enabled.
**console.tex
(./console.tex
! Undefined control sequence.
l.1 \section
            {Working with the console}
? 
! Undefined control sequence.
l.11 \subsection
                {Lists}
? 
! Undefined control sequence.
l.13 The objects you work with are \emph
                                        {lists:} lists of vertices and
? 
! Undefined control sequence.
l.21 \begin
           {example}[Running example]
? 
! Undefined control sequence.
l.27   Section~\ref
                   {sec:generators}), but what if we want to add edges such
? 
! Undefined control sequence.
l.29   \label
             {ex:running}
? 
[1{c:/texlive/2022/texmf-var/fonts/map/pdftex/updmap/pdftex.map}] )<c:/texlive/
2022/texmf-dist/fonts/type1/public/amsfonts/cm/cmmi10.pfb><c:/texlive/2022/texm
f-dist/fonts/type1/public/amsfonts/cm/cmr10.pfb>
Output written on console.pdf (1 page, 27965 bytes).
PDF statistics:
 16 PDF objects out of 1000 (max. 8388607)
 10 compressed objects within 1 object stream
 0 named destinations out of 1000 (max. 500000)
 1 words of extra memory for PDF output out of 10000 (max. 10000000)

